<?xml version="1.0" encoding="UTF-8"?>
<!-- Generated by org.testng.reporters.JUnitReportReporter -->
<testsuite skipped="0" hostname="LAPTOP-1C4BBRMC" name="qaclickacademy.MavenJava.SeleniumAppTest" tests="2" failures="0" timestamp="2021-03-25T07:45:40 IST" time="0.000" errors="0">
  <testcase name="demo1" time="0.000" classname="qaclickacademy.MavenJava.SeleniumAppTest"/>
  <system-out/>
  <testcase name="demo" time="0.000" classname="qaclickacademy.MavenJava.SeleniumAppTest"/>
  <system-out/>
</testsuite> <!-- qaclickacademy.MavenJava.SeleniumAppTest -->
