<?xml version="1.0" encoding="UTF-8"?>
<!-- Generated by org.testng.reporters.JUnitReportReporter -->
<testsuite skipped="0" hostname="LAPTOP-1C4BBRMC" name="qaclickacademy.MavenJava.AppTest" tests="1" failures="0" timestamp="2021-03-25T07:45:40 IST" time="0.000" errors="0">
  <testcase name="testApp" time="0.000" classname="qaclickacademy.MavenJava.AppTest"/>
  <system-out/>
</testsuite> <!-- qaclickacademy.MavenJava.AppTest -->
