<?xml version="1.0" encoding="UTF-8"?>
<!-- Generated by org.testng.reporters.JUnitReportReporter -->
<testsuite skipped="0" hostname="LAPTOP-1C4BBRMC" name="qaclickacademy.MavenJava.APITest" tests="1" failures="0" timestamp="25 Mar 2021 11:12:52 GMT" time="20.293" errors="0">
  <testcase name="demo2" time="20.293" classname="qaclickacademy.MavenJava.APITest"/>
</testsuite> <!-- qaclickacademy.MavenJava.APITest -->
