<?xml version="1.0" encoding="UTF-8"?>
<!-- Generated by org.testng.reporters.JUnitReportReporter -->
<testsuite skipped="0" hostname="LAPTOP-1C4BBRMC" name="qaclickacademy.MavenJava.SeleniumAppTest" tests="2" failures="0" timestamp="25 Mar 2021 11:12:52 GMT" time="0.013" errors="0">
  <testcase name="demo" time="0.012" classname="qaclickacademy.MavenJava.SeleniumAppTest"/>
  <testcase name="demo1" time="0.001" classname="qaclickacademy.MavenJava.SeleniumAppTest"/>
</testsuite> <!-- qaclickacademy.MavenJava.SeleniumAppTest -->
